<?xml version="1.0" encoding="UTF-8"?>
<testng-results skipped="0" failed="0" total="1" passed="1">
  <reporter-output>
  </reporter-output>
  <suite name="Default suite" duration-ms="185319" started-at="2020-01-14T09:52:03Z" finished-at="2020-01-14T09:55:09Z">
    <groups>
    </groups>
    <test name="Default test" duration-ms="185319" started-at="2020-01-14T09:52:03Z" finished-at="2020-01-14T09:55:09Z">
      <class name="com.qa.test.GetAPITest">
        <test-method status="PASS" signature="setup()[pri:0, instance:com.qa.test.GetAPITest@491666ad]" name="setup" is-config="true" duration-ms="6" started-at="2020-01-14T15:22:03Z" finished-at="2020-01-14T15:22:03Z">
          <reporter-output>
          </reporter-output>
        </test-method> <!-- setup -->
        <test-method status="PASS" signature="getAPITest()[pri:0, instance:com.qa.test.GetAPITest@491666ad]" name="getAPITest" duration-ms="185298" started-at="2020-01-14T15:22:03Z" finished-at="2020-01-14T15:25:09Z">
          <reporter-output>
          </reporter-output>
        </test-method> <!-- getAPITest -->
      </class> <!-- com.qa.test.GetAPITest -->
    </test> <!-- Default test -->
  </suite> <!-- Default suite -->
</testng-results>
